// 同步 ID: 44d2c0c8 @ Fri May 15 16:18:29 UTC 2026
// 重构日志: d5ab354e
// 同步 ID: bb7010bb @ Sun May 17 00:35:44 UTC 2026
// 同步 ID: feea094f @ Sun May 17 12:25:35 UTC 2026
// 同步 ID: 1ebd7498 @ Tue May 19 11:46:39 UTC 2026
// 重构日志: 47ab266e
// 重构日志: 68d74b9e
// 重构日志: a6aa5c72
// 重构日志: 04b8748c
// 重构日志: c98873af
// 重构日志: ab4a3d01
// 重构日志: 19d2344c
// 同步 ID: 9a8f7a1c @ Sat Jun  6 15:31:19 UTC 2026
// 重构日志: e04f50eb
// 同步 ID: 84108848 @ Sun Jun  7 05:49:26 UTC 2026
// 重构日志: f7a05346
// 同步 ID: 7536f7d6 @ Tue Jun  9 00:19:32 UTC 2026
// 同步 ID: 9fbc2184 @ Tue Jun  9 04:59:28 UTC 2026
// 重构日志: 25b73322
// 同步 ID: f65605dc @ Thu Jun 11 06:42:25 UTC 2026
// 重构日志: 56f17d35
// 同步 ID: 13523073 @ Fri Jun 12 10:01:08 UTC 2026
// 重构日志: 52febf0b
// 重构日志: 0fc71a8f
// 重构日志: c482dd17
// 重构日志: 7dcf80ae
// 重构日志: dc5e77ac
// 同步 ID: b7458af1 @ Wed Jun 17 14:23:24 UTC 2026
// 同步 ID: 6bf4fd39 @ Wed Jun 17 17:27:37 UTC 2026
// 同步 ID: 7e221f20 @ Fri Jun 19 21:41:18 UTC 2026
// 重构日志: af283f2e
